Exception at PC 0x00007FFD6D94BB93
Printing stacktrace...

Exception at PC 0x00007FFDE7609E08
Exception at PC 0x00007FFDE7609E08
Exception at PC 0x00007FFDE7609E08
Exception at PC 0x00007FFDE7609E08
Exception at PC 0x00007FFDE7609E08
Exception at PC 0x00007FFDE7609E08
Exception at PC 0x00007FFDE7609E08
Exception at PC 0x00007FFDE7609E08
Exception at PC 0x00007FFDE7609E08
Exception at PC 0x00007FFDE7609E08
Exception at PC 0x00007FFDE7609E08
Exception at PC 0x00007FFDE7609E08
Exception at PC 0x00007FFDE7609E08
Exception at PC 0x00007FFDE7609E08
Exception at PC 0x00007FFDE7609E08
Exception at PC 0x00007FFDE7609E08
Exception at PC 0x00007FFDE7609E08
Exception at PC 0x00007FFDE7609E08
Exception at PC 0x00007FFDE7609E08
Exception at PC 0x00007FFDE7609E08
[0]  [0x00007FFD6D94BB93]
[1]  [0x00007FFD6D94BB93]
[2]  [0x00007FFD6D94B4A1]
[3]  [0x00007FFD6D94B3EF]
[4]  [0x00007FFD6D9319FE]
[5]  [0x00007FFD6D930ED1]
[6]  [0x00007FFD6D930D76]
[7]  [0x00007FFD6D8D79F6]
[8]  [0x00007FFD6D8C7AFB]
[9]  [0x00007FFD6D9EE90A]
[10]  [0x00007FFD6DA09F87]
[11]  [0x00007FFD6DA0A05F]
[12] (BaseThreadInitThunk+0x14) [0x00007FFDEA402774]
[13] (RtlUserThreadStart+0x21) [0x00007FFDEB0D0D51]
Done
