Exception at PC 0x00007FFE7B899E08
Unable to capture context for thread 228 in process 12860, can not generate back trace
Unable to capture context for thread 228 in process 12860, can not generate back trace
Exception at PC 0x00007FFE04D8BB93
Printing stacktrace...

Exception at PC 0x00007FFE7B899E08
Exception at PC 0x00007FFE7B899E08
Exception at PC 0x00007FFE7B899E08
Exception at PC 0x00007FFE7B899E08
Exception at PC 0x00007FFE7B899E08
Exception at PC 0x00007FFE7B899E08
Exception at PC 0x00007FFE7B899E08
Exception at PC 0x00007FFE7B899E08
Exception at PC 0x00007FFE7B899E08
Exception at PC 0x00007FFE7B899E08
Exception at PC 0x00007FFE7B899E08
Exception at PC 0x00007FFE7B899E08
Exception at PC 0x00007FFE7B899E08
Exception at PC 0x00007FFE7B899E08
Exception at PC 0x00007FFE7B899E08
Exception at PC 0x00007FFE7B899E08
[0]  [0x00007FFE04D8BB93]
[1]  [0x00007FFE04D8BB93]
[2]  [0x00007FFE04D8B4A1]
[3]  [0x00007FFE04D8B3EF]
[4]  [0x00007FFE04D719FE]
[5]  [0x00007FFE04D70ED1]
[6]  [0x00007FFE04D70D76]
[7]  [0x00007FFE04D179F6]
[8]  [0x00007FFE04D07AFB]
[9]  [0x00007FFE04E2E90A]
[10]  [0x00007FFE04E49F87]
[11]  [0x00007FFE04E4A05F]
[12] (BaseThreadInitThunk+0x14) [0x00007FFE7D382774]
[13] (RtlUserThreadStart+0x21) [0x00007FFE7F320D51]
Done
Exception at PC 0x00007FFE7B899E08
Exception at PC 0x00007FFE7B899E08
Exception at PC 0x00007FFE7B899E08
