
*** Running vivado
    with args -log superscalar.vdi -applog -m64 -product Vivado -messageDb vivado.pb -mode batch -source superscalar.tcl -notrace


****** Vivado v2016.4 (64-bit)
  **** SW Build 1756540 on Mon Jan 23 19:11:23 MST 2017
  **** IP Build 1755317 on Mon Jan 23 20:30:07 MST 2017
    ** Copyright 1986-2016 Xilinx, Inc. All Rights Reserved.

source superscalar.tcl -notrace
Design is defaulting to srcset: sources_1
Design is defaulting to constrset: constrs_1
INFO: [Netlist 29-17] Analyzing 73 Unisim elements for replacement
INFO: [Netlist 29-28] Unisim Transformation completed in 0 CPU seconds
INFO: [Project 1-479] Netlist was created with Vivado 2016.4
INFO: [Device 21-403] Loading part xc7k70tfbv676-1
INFO: [Project 1-570] Preparing netlist for logic optimization
INFO: [Opt 31-138] Pushed 0 inverter(s) to 0 load pin(s).
INFO: [Project 1-111] Unisim Transformation Summary:
No Unisim elements were transformed.

link_design: Time (s): cpu = 00:00:15 ; elapsed = 00:00:17 . Memory (MB): peak = 525.699 ; gain = 315.805
INFO: [Vivado_Tcl 4-424] Cannot write hardware definition file as there are no IPI block design hardware handoff files present
Command: opt_design
Attempting to get a license for feature 'Implementation' and/or device 'xc7k70t'
INFO: [Common 17-349] Got license for feature 'Implementation' and/or device 'xc7k70t'
Running DRC as a precondition to command opt_design

Starting DRC Task
INFO: [DRC 23-27] Running DRC with 2 threads
INFO: [Project 1-461] DRC finished with 0 Errors
INFO: [Project 1-462] Please refer to the DRC report (report_drc) for more information.

Time (s): cpu = 00:00:02 ; elapsed = 00:00:02 . Memory (MB): peak = 525.699 ; gain = 0.000
INFO: [Timing 38-35] Done setting XDC timing constraints.

Starting Logic Optimization Task
Implement Debug Cores | Checksum: 18eb73531

Phase 1 Retarget
INFO: [Opt 31-138] Pushed 0 inverter(s) to 0 load pin(s).
INFO: [Opt 31-49] Retargeted 0 cell(s).
Phase 1 Retarget | Checksum: 184a367d7

Time (s): cpu = 00:00:02 ; elapsed = 00:00:03 . Memory (MB): peak = 1041.648 ; gain = 0.000

Phase 2 Constant propagation
INFO: [Opt 31-138] Pushed 4 inverter(s) to 4 load pin(s).
INFO: [Opt 31-10] Eliminated 2454 cells.
Phase 2 Constant propagation | Checksum: 670207fc

Time (s): cpu = 00:00:08 ; elapsed = 00:00:09 . Memory (MB): peak = 1041.648 ; gain = 0.000

Phase 3 Sweep
INFO: [Opt 31-12] Eliminated 2052 unconnected nets.
INFO: [Opt 31-11] Eliminated 662 unconnected cells.
Phase 3 Sweep | Checksum: 1c39ca536

Time (s): cpu = 00:00:10 ; elapsed = 00:00:10 . Memory (MB): peak = 1041.648 ; gain = 0.000

Phase 4 BUFG optimization
INFO: [Opt 31-12] Eliminated 0 unconnected nets.
INFO: [Opt 31-11] Eliminated 0 unconnected cells.
Phase 4 BUFG optimization | Checksum: 1c39ca536

Time (s): cpu = 00:00:12 ; elapsed = 00:00:13 . Memory (MB): peak = 1041.648 ; gain = 0.000

Starting Connectivity Check Task

Time (s): cpu = 00:00:01 ; elapsed = 00:00:00.201 . Memory (MB): peak = 1041.648 ; gain = 0.000
Ending Logic Optimization Task | Checksum: 1c39ca536

Time (s): cpu = 00:00:13 ; elapsed = 00:00:13 . Memory (MB): peak = 1041.648 ; gain = 0.000

Starting Power Optimization Task
INFO: [Pwropt 34-132] Skipping clock gating for clocks with a period < 2.00 ns.
Ending Power Optimization Task | Checksum: 1c39ca536

Time (s): cpu = 00:00:00 ; elapsed = 00:00:00.270 . Memory (MB): peak = 1041.648 ; gain = 0.000
INFO: [Common 17-83] Releasing license: Implementation
23 Infos, 0 Warnings, 0 Critical Warnings and 0 Errors encountered.
opt_design completed successfully
opt_design: Time (s): cpu = 00:00:37 ; elapsed = 00:00:38 . Memory (MB): peak = 1041.648 ; gain = 515.949
INFO: [Common 17-1381] The checkpoint 'D:/Final program/processor/processor.runs/impl_1/superscalar_opt.dcp' has been generated.
write_checkpoint: Time (s): cpu = 00:00:12 ; elapsed = 00:00:09 . Memory (MB): peak = 1041.648 ; gain = 0.000
INFO: [DRC 23-27] Running DRC with 2 threads
INFO: [Coretcl 2-168] The results of DRC are in file D:/Final program/processor/processor.runs/impl_1/superscalar_drc_opted.rpt.
report_drc: Time (s): cpu = 00:00:11 ; elapsed = 00:00:07 . Memory (MB): peak = 1041.648 ; gain = 0.000
INFO: [Chipscope 16-241] No debug cores found in the current design.
Before running the implement_debug_core command, either use the Set Up Debug wizard (GUI mode)
or use the create_debug_core and connect_debug_core Tcl commands to insert debug cores into the design.
Command: place_design
Attempting to get a license for feature 'Implementation' and/or device 'xc7k70t'
INFO: [Common 17-349] Got license for feature 'Implementation' and/or device 'xc7k70t'
INFO: [DRC 23-27] Running DRC with 2 threads
INFO: [Vivado_Tcl 4-198] DRC finished with 0 Errors
INFO: [Vivado_Tcl 4-199] Please refer to the DRC report (report_drc) for more information.
Running DRC as a precondition to command place_design
INFO: [DRC 23-27] Running DRC with 2 threads
INFO: [Vivado_Tcl 4-198] DRC finished with 0 Errors
INFO: [Vivado_Tcl 4-199] Please refer to the DRC report (report_drc) for more information.

Starting Placer Task
INFO: [Place 30-611] Multithreading enabled for place_design using a maximum of 2 CPUs

Phase 1 Placer Initialization
Netlist sorting complete. Time (s): cpu = 00:00:00 ; elapsed = 00:00:00.131 . Memory (MB): peak = 1041.648 ; gain = 0.000
Netlist sorting complete. Time (s): cpu = 00:00:00 ; elapsed = 00:00:00.070 . Memory (MB): peak = 1041.648 ; gain = 0.000

Phase 1.1 IO Placement/ Clock Placement/ Build Placer Device
INFO: [Timing 38-35] Done setting XDC timing constraints.
Phase 1.1 IO Placement/ Clock Placement/ Build Placer Device | Checksum: 1542c52a5

Time (s): cpu = 00:00:23 ; elapsed = 00:00:15 . Memory (MB): peak = 1077.598 ; gain = 35.949

Phase 1.2 Build Placer Netlist Model
Phase 1.2 Build Placer Netlist Model | Checksum: 1af3fdf45

Time (s): cpu = 00:00:25 ; elapsed = 00:00:18 . Memory (MB): peak = 1077.598 ; gain = 35.949

Phase 1.3 Constrain Clocks/Macros
Phase 1.3 Constrain Clocks/Macros | Checksum: 1af3fdf45

Time (s): cpu = 00:00:25 ; elapsed = 00:00:18 . Memory (MB): peak = 1077.598 ; gain = 35.949
Phase 1 Placer Initialization | Checksum: 1af3fdf45

Time (s): cpu = 00:00:25 ; elapsed = 00:00:18 . Memory (MB): peak = 1077.598 ; gain = 35.949

Phase 2 Global Placement
Phase 2 Global Placement | Checksum: 228df6648

Time (s): cpu = 00:00:59 ; elapsed = 00:00:38 . Memory (MB): peak = 1092.418 ; gain = 50.770

Phase 3 Detail Placement

Phase 3.1 Commit Multi Column Macros
Phase 3.1 Commit Multi Column Macros | Checksum: 228df6648

Time (s): cpu = 00:01:01 ; elapsed = 00:00:39 . Memory (MB): peak = 1092.418 ; gain = 50.770

Phase 3.2 Commit Most Macros & LUTRAMs
Phase 3.2 Commit Most Macros & LUTRAMs | Checksum: 157dd1f6a

Time (s): cpu = 00:01:02 ; elapsed = 00:00:40 . Memory (MB): peak = 1092.418 ; gain = 50.770

Phase 3.3 Area Swap Optimization
Phase 3.3 Area Swap Optimization | Checksum: 1b82cdfbe

Time (s): cpu = 00:01:03 ; elapsed = 00:00:41 . Memory (MB): peak = 1092.418 ; gain = 50.770

Phase 3.4 Pipeline Register Optimization
Phase 3.4 Pipeline Register Optimization | Checksum: 1b82cdfbe

Time (s): cpu = 00:01:03 ; elapsed = 00:00:41 . Memory (MB): peak = 1092.418 ; gain = 50.770

Phase 3.5 Small Shape Detail Placement
Phase 3.5 Small Shape Detail Placement | Checksum: 1ca070b96

Time (s): cpu = 00:01:26 ; elapsed = 00:01:03 . Memory (MB): peak = 1112.551 ; gain = 70.902

Phase 3.6 Re-assign LUT pins
Phase 3.6 Re-assign LUT pins | Checksum: 1ca070b96

Time (s): cpu = 00:01:29 ; elapsed = 00:01:07 . Memory (MB): peak = 1112.551 ; gain = 70.902

Phase 3.7 Pipeline Register Optimization
Phase 3.7 Pipeline Register Optimization | Checksum: 1ca070b96

Time (s): cpu = 00:01:31 ; elapsed = 00:01:08 . Memory (MB): peak = 1112.551 ; gain = 70.902
Phase 3 Detail Placement | Checksum: 1ca070b96

Time (s): cpu = 00:01:32 ; elapsed = 00:01:08 . Memory (MB): peak = 1112.551 ; gain = 70.902

Phase 4 Post Placement Optimization and Clean-Up

Phase 4.1 Post Commit Optimization
Phase 4.1 Post Commit Optimization | Checksum: 1ca070b96

Time (s): cpu = 00:01:35 ; elapsed = 00:01:10 . Memory (MB): peak = 1112.551 ; gain = 70.902

Phase 4.2 Post Placement Cleanup
Phase 4.2 Post Placement Cleanup | Checksum: 1ca070b96

Time (s): cpu = 00:01:36 ; elapsed = 00:01:11 . Memory (MB): peak = 1112.551 ; gain = 70.902

Phase 4.3 Placer Reporting
Phase 4.3 Placer Reporting | Checksum: 1ca070b96

Time (s): cpu = 00:01:37 ; elapsed = 00:01:12 . Memory (MB): peak = 1112.551 ; gain = 70.902

Phase 4.4 Final Placement Cleanup
Phase 4.4 Final Placement Cleanup | Checksum: 1568fd6c0

Time (s): cpu = 00:01:37 ; elapsed = 00:01:12 . Memory (MB): peak = 1112.551 ; gain = 70.902
Phase 4 Post Placement Optimization and Clean-Up | Checksum: 1568fd6c0

Time (s): cpu = 00:01:38 ; elapsed = 00:01:13 . Memory (MB): peak = 1112.551 ; gain = 70.902
Ending Placer Task | Checksum: 91b48658

Time (s): cpu = 00:01:38 ; elapsed = 00:01:13 . Memory (MB): peak = 1112.551 ; gain = 70.902
INFO: [Common 17-83] Releasing license: Implementation
37 Infos, 0 Warnings, 0 Critical Warnings and 0 Errors encountered.
place_design completed successfully
place_design: Time (s): cpu = 00:01:48 ; elapsed = 00:01:19 . Memory (MB): peak = 1112.551 ; gain = 70.902
Writing placer database...
Writing XDEF routing.
Writing XDEF routing logical nets.
Writing XDEF routing special nets.
Write XDEF Complete: Time (s): cpu = 00:00:22 ; elapsed = 00:00:09 . Memory (MB): peak = 1112.551 ; gain = 0.000
INFO: [Common 17-1381] The checkpoint 'D:/Final program/processor/processor.runs/impl_1/superscalar_placed.dcp' has been generated.
write_checkpoint: Time (s): cpu = 00:00:24 ; elapsed = 00:00:12 . Memory (MB): peak = 1112.551 ; gain = 0.000
report_io: Time (s): cpu = 00:00:01 ; elapsed = 00:00:00.721 . Memory (MB): peak = 1112.551 ; gain = 0.000
report_utilization: Time (s): cpu = 00:00:00 ; elapsed = 00:00:00.784 . Memory (MB): peak = 1112.551 ; gain = 0.000
report_control_sets: Time (s): cpu = 00:00:00 ; elapsed = 00:00:00.205 . Memory (MB): peak = 1112.551 ; gain = 0.000
Command: route_design
Attempting to get a license for feature 'Implementation' and/or device 'xc7k70t'
INFO: [Common 17-349] Got license for feature 'Implementation' and/or device 'xc7k70t'
Running DRC as a precondition to command route_design
INFO: [DRC 23-27] Running DRC with 2 threads
INFO: [Vivado_Tcl 4-198] DRC finished with 0 Errors
INFO: [Vivado_Tcl 4-199] Please refer to the DRC report (report_drc) for more information.


Starting Routing Task
INFO: [Route 35-254] Multithreading enabled for route_design using a maximum of 2 CPUs
Checksum: PlaceDB: 658e692d ConstDB: 0 ShapeSum: 2c261d2b RouteDB: 0

Phase 1 Build RT Design
Phase 1 Build RT Design | Checksum: fdd04981

Time (s): cpu = 00:00:39 ; elapsed = 00:00:27 . Memory (MB): peak = 1251.559 ; gain = 109.363

Phase 2 Router Initialization
INFO: [Route 35-64] No timing constraints were detected. The router will operate in resource-optimization mode.

Phase 2.1 Fix Topology Constraints
Phase 2.1 Fix Topology Constraints | Checksum: fdd04981

Time (s): cpu = 00:00:41 ; elapsed = 00:00:32 . Memory (MB): peak = 1260.535 ; gain = 118.340

Phase 2.2 Pre Route Cleanup
Phase 2.2 Pre Route Cleanup | Checksum: fdd04981

Time (s): cpu = 00:00:41 ; elapsed = 00:00:32 . Memory (MB): peak = 1260.535 ; gain = 118.340
 Number of Nodes with overlaps = 0
Phase 2 Router Initialization | Checksum: 11cde3d03

Time (s): cpu = 00:00:43 ; elapsed = 00:00:34 . Memory (MB): peak = 1294.023 ; gain = 151.828

Phase 3 Initial Routing
Phase 3 Initial Routing | Checksum: e8ff15c6

Time (s): cpu = 00:01:06 ; elapsed = 00:00:47 . Memory (MB): peak = 1294.023 ; gain = 151.828

Phase 4 Rip-up And Reroute

Phase 4.1 Global Iteration 0
 Number of Nodes with overlaps = 5391
 Number of Nodes with overlaps = 60
 Number of Nodes with overlaps = 0
Phase 4.1 Global Iteration 0 | Checksum: 1bbeb63c5

Time (s): cpu = 00:01:55 ; elapsed = 00:01:15 . Memory (MB): peak = 1294.023 ; gain = 151.828
Phase 4 Rip-up And Reroute | Checksum: 1bbeb63c5

Time (s): cpu = 00:01:55 ; elapsed = 00:01:15 . Memory (MB): peak = 1294.023 ; gain = 151.828

Phase 5 Delay and Skew Optimization
Phase 5 Delay and Skew Optimization | Checksum: 1bbeb63c5

Time (s): cpu = 00:01:55 ; elapsed = 00:01:16 . Memory (MB): peak = 1294.023 ; gain = 151.828

Phase 6 Post Hold Fix

Phase 6.1 Hold Fix Iter
Phase 6.1 Hold Fix Iter | Checksum: 1bbeb63c5

Time (s): cpu = 00:01:55 ; elapsed = 00:01:16 . Memory (MB): peak = 1294.023 ; gain = 151.828
Phase 6 Post Hold Fix | Checksum: 1bbeb63c5

Time (s): cpu = 00:01:55 ; elapsed = 00:01:16 . Memory (MB): peak = 1294.023 ; gain = 151.828

Phase 7 Route finalize

Router Utilization Summary
  Global Vertical Routing Utilization    = 16.5957 %
  Global Horizontal Routing Utilization  = 15.1231 %
  Routable Net Status*
  *Does not include unroutable nets such as driverless and loadless.
  Run report_route_status for detailed report.
  Number of Failed Nets               = 0
  Number of Unrouted Nets             = 0
  Number of Partially Routed Nets     = 0
  Number of Node Overlaps             = 0

Congestion Report
North Dir 1x1 Area, Max Cong = 79.2793%, No Congested Regions.
South Dir 1x1 Area, Max Cong = 76.5766%, No Congested Regions.
East Dir 1x1 Area, Max Cong = 70.5882%, No Congested Regions.
West Dir 1x1 Area, Max Cong = 63.2353%, No Congested Regions.
Phase 7 Route finalize | Checksum: 1bbeb63c5

Time (s): cpu = 00:01:56 ; elapsed = 00:01:17 . Memory (MB): peak = 1294.023 ; gain = 151.828

Phase 8 Verifying routed nets

 Verification completed successfully
Phase 8 Verifying routed nets | Checksum: 1bbeb63c5

Time (s): cpu = 00:01:56 ; elapsed = 00:01:17 . Memory (MB): peak = 1294.023 ; gain = 151.828

Phase 9 Depositing Routes
Phase 9 Depositing Routes | Checksum: 1b1637f1f

Time (s): cpu = 00:02:03 ; elapsed = 00:01:24 . Memory (MB): peak = 1294.023 ; gain = 151.828
INFO: [Route 35-16] Router Completed Successfully

Time (s): cpu = 00:02:03 ; elapsed = 00:01:24 . Memory (MB): peak = 1294.023 ; gain = 151.828

Routing Is Done.
INFO: [Common 17-83] Releasing license: Implementation
46 Infos, 0 Warnings, 0 Critical Warnings and 0 Errors encountered.
route_design completed successfully
route_design: Time (s): cpu = 00:02:14 ; elapsed = 00:01:31 . Memory (MB): peak = 1294.023 ; gain = 181.473
Writing placer database...
Writing XDEF routing.
Writing XDEF routing logical nets.
Writing XDEF routing special nets.
Write XDEF Complete: Time (s): cpu = 00:00:25 ; elapsed = 00:00:10 . Memory (MB): peak = 1294.023 ; gain = 0.000
INFO: [Common 17-1381] The checkpoint 'D:/Final program/processor/processor.runs/impl_1/superscalar_routed.dcp' has been generated.
write_checkpoint: Time (s): cpu = 00:00:27 ; elapsed = 00:00:15 . Memory (MB): peak = 1294.023 ; gain = 0.000
INFO: [DRC 23-27] Running DRC with 2 threads
INFO: [Coretcl 2-168] The results of DRC are in file D:/Final program/processor/processor.runs/impl_1/superscalar_drc_routed.rpt.
report_drc: Time (s): cpu = 00:00:21 ; elapsed = 00:00:14 . Memory (MB): peak = 1336.832 ; gain = 42.809
INFO: [Timing 38-35] Done setting XDC timing constraints.
INFO: [DRC 23-133] Running Methodology with 2 threads
INFO: [Coretcl 2-1520] The results of Report Methodology are in file D:/Final program/processor/processor.runs/impl_1/superscalar_methodology_drc_routed.rpt.
report_methodology: Time (s): cpu = 00:00:33 ; elapsed = 00:00:24 . Memory (MB): peak = 1337.023 ; gain = 0.191
INFO: [Timing 38-35] Done setting XDC timing constraints.
INFO: [Timing 38-91] UpdateTimingParams: Speed grade: -1, Delay Type: min_max.
INFO: [Timing 38-191] Multithreading enabled for timing update using a maximum of 2 CPUs
INFO: [Timing 38-35] Done setting XDC timing constraints.
WARNING: [Timing 38-313] There are no user specified timing constraints. Timing constraints are needed for proper timing analysis.
report_timing_summary: Time (s): cpu = 00:00:05 ; elapsed = 00:00:06 . Memory (MB): peak = 1337.023 ; gain = 0.000
Command: report_power -file superscalar_power_routed.rpt -pb superscalar_power_summary_routed.pb -rpx superscalar_power_routed.rpx
WARNING: [Power 33-232] No user defined clocks were found in the design!
Resolution: Please specify clocks using create_clock/create_generated_clock for sequential elements. For pure combinatorial circuits, please specify a virtual clock, otherwise the vectorless estimation might be inaccurate
Running Vector-less Activity Propagation...

Finished Running Vector-less Activity Propagation
56 Infos, 2 Warnings, 0 Critical Warnings and 0 Errors encountered.
report_power completed successfully
report_power: Time (s): cpu = 00:00:58 ; elapsed = 00:00:47 . Memory (MB): peak = 1390.543 ; gain = 53.520
INFO: [Common 17-206] Exiting Vivado at Wed Nov 08 16:26:02 2017...
